# JRE version: Java(TM) SE Runtime Environment (8.0_301-b09) (build 1.8.0_301-b09)
# Java VM: Java HotSpot(TM) 64-Bit Server VM (25.301-b09 mixed mode windows-amd64 compressed oops)
Heap:
 PSYoungGen      total 133632K, used 15439K [0x00000000eb400000, 0x00000000f6100000, 0x0000000100000000)
  eden space 125440K, 5% used [0x00000000eb400000,0x00000000ebb19270,0x00000000f2e80000)
  from space 8192K, 99% used [0x00000000f2e80000,0x00000000f367aba0,0x00000000f3680000)
  to   space 11776K, 0% used [0x00000000f5580000,0x00000000f5580000,0x00000000f6100000)
 ParOldGen       total 51712K, used 21335K [0x00000000c1c00000, 0x00000000c4e80000, 0x00000000eb400000)
  object space 51712K, 41% used [0x00000000c1c00000,0x00000000c30d5f68,0x00000000c4e80000)
 Metaspace       used 49927K, capacity 52482K, committed 52912K, reserved 1095680K
  class space    used 6757K, capacity 7231K, committed 7344K, reserved 1048576K
GC Heap History (10 events):
Event: 5.669 GC heap before
{Heap before GC invocations=11 (full 1):
 PSYoungGen      total 71680K, used 70494K [0x00000000eb400000, 0x00000000f1a00000, 0x0000000100000000)
  eden space 65536K, 100% used [0x00000000eb400000,0x00000000ef400000,0x00000000ef400000)
  from space 6144K, 80% used [0x00000000ef400000,0x00000000ef8d7a18,0x00000000efa00000)
  to   space 6144K, 0% used [0x00000000f1400000,0x00000000f1400000,0x00000000f1a00000)
 ParOldGen       total 30720K, used 6712K [0x00000000c1c00000, 0x00000000c3a00000, 0x00000000eb400000)
  object space 30720K, 21% used [0x00000000c1c00000,0x00000000c228e028,0x00000000c3a00000)
 Metaspace       used 25313K, capacity 27044K, committed 27312K, reserved 1073152K
  class space    used 3301K, capacity 3654K, committed 3760K, reserved 1048576K
Event: 5.679 GC heap after
Heap after GC invocations=11 (full 1):
 PSYoungGen      total 96768K, used 5228K [0x00000000eb400000, 0x00000000f1980000, 0x0000000100000000)
  eden space 91136K, 0% used [0x00000000eb400000,0x00000000eb400000,0x00000000f0d00000)
  from space 5632K, 92% used [0x00000000f1400000,0x00000000f191b1f8,0x00000000f1980000)
  to   space 6144K, 0% used [0x00000000f0d80000,0x00000000f0d80000,0x00000000f1380000)
 ParOldGen       total 30720K, used 6720K [0x00000000c1c00000, 0x00000000c3a00000, 0x00000000eb400000)
  object space 30720K, 21% used [0x00000000c1c00000,0x00000000c2290028,0x00000000c3a00000)
 Metaspace       used 25313K, capacity 27044K, committed 27312K, reserved 1073152K
  class space    used 3301K, capacity 3654K, committed 3760K, reserved 1048576K
}
Event: 7.517 GC heap before
{Heap before GC invocations=12 (full 1):
 PSYoungGen      total 96768K, used 96364K [0x00000000eb400000, 0x00000000f1980000, 0x0000000100000000)
  eden space 91136K, 100% used [0x00000000eb400000,0x00000000f0d00000,0x00000000f0d00000)
  from space 5632K, 92% used [0x00000000f1400000,0x00000000f191b1f8,0x00000000f1980000)
  to   space 6144K, 0% used [0x00000000f0d80000,0x00000000f0d80000,0x00000000f1380000)
 ParOldGen       total 30720K, used 6720K [0x00000000c1c00000, 0x00000000c3a00000, 0x00000000eb400000)
  object space 30720K, 21% used [0x00000000c1c00000,0x00000000c2290028,0x00000000c3a00000)
 Metaspace       used 30333K, capacity 32568K, committed 32688K, reserved 1077248K
  class space    used 4041K, capacity 4442K, committed 4528K, reserved 1048576K
Event: 7.533 GC heap after
Heap after GC invocations=12 (full 1):
 PSYoungGen      total 97792K, used 6134K [0x00000000eb400000, 0x00000000f3e80000, 0x0000000100000000)
  eden space 91648K, 0% used [0x00000000eb400000,0x00000000eb400000,0x00000000f0d80000)
  from space 6144K, 99% used [0x00000000f0d80000,0x00000000f137db80,0x00000000f1380000)
  to   space 8192K, 0% used [0x00000000f3680000,0x00000000f3680000,0x00000000f3e80000)
 ParOldGen       total 30720K, used 10286K [0x00000000c1c00000, 0x00000000c3a00000, 0x00000000eb400000)
  object space 30720K, 33% used [0x00000000c1c00000,0x00000000c260b888,0x00000000c3a00000)
 Metaspace       used 30333K, capacity 32568K, committed 32688K, reserved 1077248K
  class space    used 4041K, capacity 4442K, committed 4528K, reserved 1048576K
}
Event: 8.764 GC heap before
{Heap before GC invocations=13 (full 1):
 PSYoungGen      total 97792K, used 49587K [0x00000000eb400000, 0x00000000f3e80000, 0x0000000100000000)
  eden space 91648K, 47% used [0x00000000eb400000,0x00000000ede6f388,0x00000000f0d80000)
  from space 6144K, 99% used [0x00000000f0d80000,0x00000000f137db80,0x00000000f1380000)
  to   space 8192K, 0% used [0x00000000f3680000,0x00000000f3680000,0x00000000f3e80000)
 ParOldGen       total 30720K, used 10286K [0x00000000c1c00000, 0x00000000c3a00000, 0x00000000eb400000)
  object space 30720K, 33% used [0x00000000c1c00000,0x00000000c260b888,0x00000000c3a00000)
 Metaspace       used 33076K, capacity 35420K, committed 35496K, reserved 1079296K
  class space    used 4421K, capacity 4860K, committed 4912K, reserved 1048576K
Event: 8.779 GC heap after
Heap after GC invocations=13 (full 1):
 PSYoungGen      total 133632K, used 3235K [0x00000000eb400000, 0x00000000f3e80000, 0x0000000100000000)
  eden space 125440K, 0% used [0x00000000eb400000,0x00000000eb400000,0x00000000f2e80000)
  from space 8192K, 39% used [0x00000000f3680000,0x00000000f39a8e58,0x00000000f3e80000)
  to   space 8192K, 0% used [0x00000000f2e80000,0x00000000f2e80000,0x00000000f3680000)
 ParOldGen       total 30720K, used 13190K [0x00000000c1c00000, 0x00000000c3a00000, 0x00000000eb400000)
  object space 30720K, 42% used [0x00000000c1c00000,0x00000000c28e1898,0x00000000c3a00000)
 Metaspace       used 33076K, capacity 35420K, committed 35496K, reserved 1079296K
  class space    used 4421K, capacity 4860K, committed 4912K, reserved 1048576K
}
Event: 8.779 GC heap before
{Heap before GC invocations=14 (full 2):
 PSYoungGen      total 133632K, used 3235K [0x00000000eb400000, 0x00000000f3e80000, 0x0000000100000000)
  eden space 125440K, 0% used [0x00000000eb400000,0x00000000eb400000,0x00000000f2e80000)
  from space 8192K, 39% used [0x00000000f3680000,0x00000000f39a8e58,0x00000000f3e80000)
  to   space 8192K, 0% used [0x00000000f2e80000,0x00000000f2e80000,0x00000000f3680000)
 ParOldGen       total 30720K, used 13190K [0x00000000c1c00000, 0x00000000c3a00000, 0x00000000eb400000)
  object space 30720K, 42% used [0x00000000c1c00000,0x00000000c28e1898,0x00000000c3a00000)
 Metaspace       used 33076K, capacity 35420K, committed 35496K, reserved 1079296K
  class space    used 4421K, capacity 4860K, committed 4912K, reserved 1048576K
Event: 8.923 GC heap after
Heap after GC invocations=14 (full 2):
 PSYoungGen      total 133632K, used 0K [0x00000000eb400000, 0x00000000f3e80000, 0x0000000100000000)
  eden space 125440K, 0% used [0x00000000eb400000,0x00000000eb400000,0x00000000f2e80000)
  from space 8192K, 0% used [0x00000000f3680000,0x00000000f3680000,0x00000000f3e80000)
  to   space 8192K, 0% used [0x00000000f2e80000,0x00000000f2e80000,0x00000000f3680000)
 ParOldGen       total 51712K, used 13605K [0x00000000c1c00000, 0x00000000c4e80000, 0x00000000eb400000)
  object space 51712K, 26% used [0x00000000c1c00000,0x00000000c2949630,0x00000000c4e80000)
 Metaspace       used 33076K, capacity 35420K, committed 35496K, reserved 1079296K
  class space    used 4421K, capacity 4860K, committed 4912K, reserved 1048576K
}
Event: 14.826 GC heap before
{Heap before GC invocations=15 (full 2):
 PSYoungGen      total 133632K, used 125440K [0x00000000eb400000, 0x00000000f3e80000, 0x0000000100000000)
  eden space 125440K, 100% used [0x00000000eb400000,0x00000000f2e80000,0x00000000f2e80000)
  from space 8192K, 0% used [0x00000000f3680000,0x00000000f3680000,0x00000000f3e80000)
  to   space 8192K, 0% used [0x00000000f2e80000,0x00000000f2e80000,0x00000000f3680000)
 ParOldGen       total 51712K, used 13605K [0x00000000c1c00000, 0x00000000c4e80000, 0x00000000eb400000)
  object space 51712K, 26% used [0x00000000c1c00000,0x00000000c2949630,0x00000000c4e80000)
 Metaspace       used 49601K, capacity 52154K, committed 52528K, reserved 1095680K
  class space    used 6703K, capacity 7165K, committed 7216K, reserved 1048576K
Event: 14.858 GC heap after
Heap after GC invocations=15 (full 2):
 PSYoungGen      total 133632K, used 8170K [0x00000000eb400000, 0x00000000f6100000, 0x0000000100000000)
  eden space 125440K, 0% used [0x00000000eb400000,0x00000000eb400000,0x00000000f2e80000)
  from space 8192K, 99% used [0x00000000f2e80000,0x00000000f367aba0,0x00000000f3680000)
  to   space 11776K, 0% used [0x00000000f5580000,0x00000000f5580000,0x00000000f6100000)
 ParOldGen       total 51712K, used 21335K [0x00000000c1c00000, 0x00000000c4e80000, 0x00000000eb400000)
  object space 51712K, 41% used [0x00000000c1c00000,0x00000000c30d5f68,0x00000000c4e80000)
 Metaspace       used 49601K, capacity 52154K, committed 52528K, reserved 1095680K
  class space    used 6703K, capacity 7165K, committed 7216K, reserved 1048576K
}

