# JRE version: Java(TM) SE Runtime Environment (8.0_301-b09) (build 1.8.0_301-b09)
# Java VM: Java HotSpot(TM) 64-Bit Server VM (25.301-b09 mixed mode windows-amd64 compressed oops)
Heap:
 PSYoungGen      total 230912K, used 111187K [0x00000000eb400000, 0x00000000fb780000, 0x0000000100000000)
  eden space 220672K, 45% used [0x00000000eb400000,0x00000000f16c56a8,0x00000000f8b80000)
  from space 10240K, 98% used [0x00000000fad80000,0x00000000fb74f850,0x00000000fb780000)
  to   space 19968K, 0% used [0x00000000f9080000,0x00000000f9080000,0x00000000fa400000)
 ParOldGen       total 89088K, used 41237K [0x00000000c1c00000, 0x00000000c7300000, 0x00000000eb400000)
  object space 89088K, 46% used [0x00000000c1c00000,0x00000000c44454a0,0x00000000c7300000)
 Metaspace       used 37273K, capacity 38158K, committed 38656K, reserved 1083392K
  class space    used 4305K, capacity 4541K, committed 4608K, reserved 1048576K
GC Heap History (10 events):
Event: 14.098 GC heap before
{Heap before GC invocations=10 (full 1):
 PSYoungGen      total 136704K, used 126464K [0x00000000eb400000, 0x00000000f4800000, 0x0000000100000000)
  eden space 126464K, 100% used [0x00000000eb400000,0x00000000f2f80000,0x00000000f2f80000)
  from space 10240K, 0% used [0x00000000f3b00000,0x00000000f3b00000,0x00000000f4500000)
  to   space 11776K, 0% used [0x00000000f2f80000,0x00000000f2f80000,0x00000000f3b00000)
 ParOldGen       total 41472K, used 13820K [0x00000000c1c00000, 0x00000000c4480000, 0x00000000eb400000)
  object space 41472K, 33% used [0x00000000c1c00000,0x00000000c297f2c8,0x00000000c4480000)
 Metaspace       used 23503K, capacity 24110K, committed 24192K, reserved 1071104K
  class space    used 2790K, capacity 2940K, committed 2944K, reserved 1048576K
Event: 14.188 GC heap after
Heap after GC invocations=10 (full 1):
 PSYoungGen      total 138240K, used 11763K [0x00000000eb400000, 0x00000000f7f80000, 0x0000000100000000)
  eden space 126464K, 0% used [0x00000000eb400000,0x00000000eb400000,0x00000000f2f80000)
  from space 11776K, 99% used [0x00000000f2f80000,0x00000000f3afcfc8,0x00000000f3b00000)
  to   space 16896K, 0% used [0x00000000f6f00000,0x00000000f6f00000,0x00000000f7f80000)
 ParOldGen       total 41472K, used 22714K [0x00000000c1c00000, 0x00000000c4480000, 0x00000000eb400000)
  object space 41472K, 54% used [0x00000000c1c00000,0x00000000c322ebe0,0x00000000c4480000)
 Metaspace       used 23503K, capacity 24110K, committed 24192K, reserved 1071104K
  class space    used 2790K, capacity 2940K, committed 2944K, reserved 1048576K
}
Event: 19.433 GC heap before
{Heap before GC invocations=11 (full 1):
 PSYoungGen      total 138240K, used 138174K [0x00000000eb400000, 0x00000000f7f80000, 0x0000000100000000)
  eden space 126464K, 99% used [0x00000000eb400000,0x00000000f2f72950,0x00000000f2f80000)
  from space 11776K, 99% used [0x00000000f2f80000,0x00000000f3afcfc8,0x00000000f3b00000)
  to   space 16896K, 0% used [0x00000000f6f00000,0x00000000f6f00000,0x00000000f7f80000)
 ParOldGen       total 41472K, used 22714K [0x00000000c1c00000, 0x00000000c4480000, 0x00000000eb400000)
  object space 41472K, 54% used [0x00000000c1c00000,0x00000000c322ebe0,0x00000000c4480000)
 Metaspace       used 24985K, capacity 25618K, committed 25984K, reserved 1073152K
  class space    used 2900K, capacity 3084K, committed 3200K, reserved 1048576K
Event: 19.526 GC heap after
Heap after GC invocations=11 (full 1):
 PSYoungGen      total 188928K, used 16845K [0x00000000eb400000, 0x00000000f8580000, 0x0000000100000000)
  eden space 172032K, 0% used [0x00000000eb400000,0x00000000eb400000,0x00000000f5c00000)
  from space 16896K, 99% used [0x00000000f6f00000,0x00000000f7f735c0,0x00000000f7f80000)
  to   space 19456K, 0% used [0x00000000f5c00000,0x00000000f5c00000,0x00000000f6f00000)
 ParOldGen       total 41472K, used 22722K [0x00000000c1c00000, 0x00000000c4480000, 0x00000000eb400000)
  object space 41472K, 54% used [0x00000000c1c00000,0x00000000c3230be0,0x00000000c4480000)
 Metaspace       used 24985K, capacity 25618K, committed 25984K, reserved 1073152K
  class space    used 2900K, capacity 3084K, committed 3200K, reserved 1048576K
}
Event: 26.460 GC heap before
{Heap before GC invocations=12 (full 1):
 PSYoungGen      total 188928K, used 188877K [0x00000000eb400000, 0x00000000f8580000, 0x0000000100000000)
  eden space 172032K, 100% used [0x00000000eb400000,0x00000000f5c00000,0x00000000f5c00000)
  from space 16896K, 99% used [0x00000000f6f00000,0x00000000f7f735c0,0x00000000f7f80000)
  to   space 19456K, 0% used [0x00000000f5c00000,0x00000000f5c00000,0x00000000f6f00000)
 ParOldGen       total 41472K, used 22722K [0x00000000c1c00000, 0x00000000c4480000, 0x00000000eb400000)
  object space 41472K, 54% used [0x00000000c1c00000,0x00000000c3230be0,0x00000000c4480000)
 Metaspace       used 27670K, capacity 28350K, committed 28544K, reserved 1075200K
  class space    used 3203K, capacity 3378K, committed 3456K, reserved 1048576K
Event: 26.500 GC heap after
Heap after GC invocations=12 (full 1):
 PSYoungGen      total 191488K, used 15662K [0x00000000eb400000, 0x00000000fc200000, 0x0000000100000000)
  eden space 172032K, 0% used [0x00000000eb400000,0x00000000eb400000,0x00000000f5c00000)
  from space 19456K, 80% used [0x00000000f5c00000,0x00000000f6b4bb00,0x00000000f6f00000)
  to   space 20992K, 0% used [0x00000000fad80000,0x00000000fad80000,0x00000000fc200000)
 ParOldGen       total 41472K, used 37529K [0x00000000c1c00000, 0x00000000c4480000, 0x00000000eb400000)
  object space 41472K, 90% used [0x00000000c1c00000,0x00000000c40a6618,0x00000000c4480000)
 Metaspace       used 27670K, capacity 28350K, committed 28544K, reserved 1075200K
  class space    used 3203K, capacity 3378K, committed 3456K, reserved 1048576K
}
Event: 26.500 GC heap before
{Heap before GC invocations=13 (full 2):
 PSYoungGen      total 191488K, used 15662K [0x00000000eb400000, 0x00000000fc200000, 0x0000000100000000)
  eden space 172032K, 0% used [0x00000000eb400000,0x00000000eb400000,0x00000000f5c00000)
  from space 19456K, 80% used [0x00000000f5c00000,0x00000000f6b4bb00,0x00000000f6f00000)
  to   space 20992K, 0% used [0x00000000fad80000,0x00000000fad80000,0x00000000fc200000)
 ParOldGen       total 41472K, used 37529K [0x00000000c1c00000, 0x00000000c4480000, 0x00000000eb400000)
  object space 41472K, 90% used [0x00000000c1c00000,0x00000000c40a6618,0x00000000c4480000)
 Metaspace       used 27670K, capacity 28350K, committed 28544K, reserved 1075200K
  class space    used 3203K, capacity 3378K, committed 3456K, reserved 1048576K
Event: 26.854 GC heap after
Heap after GC invocations=13 (full 2):
 PSYoungGen      total 191488K, used 1265K [0x00000000eb400000, 0x00000000fc200000, 0x0000000100000000)
  eden space 172032K, 0% used [0x00000000eb400000,0x00000000eb400000,0x00000000f5c00000)
  from space 19456K, 6% used [0x00000000f5c00000,0x00000000f5d3c7d0,0x00000000f6f00000)
  to   space 20992K, 0% used [0x00000000fad80000,0x00000000fad80000,0x00000000fc200000)
 ParOldGen       total 89088K, used 41098K [0x00000000c1c00000, 0x00000000c7300000, 0x00000000eb400000)
  object space 89088K, 46% used [0x00000000c1c00000,0x00000000c4422a28,0x00000000c7300000)
 Metaspace       used 26627K, capacity 27250K, committed 28544K, reserved 1075200K
  class space    used 3034K, capacity 3178K, committed 3456K, reserved 1048576K
}
Event: 32.694 GC heap before
{Heap before GC invocations=14 (full 2):
 PSYoungGen      total 191488K, used 173297K [0x00000000eb400000, 0x00000000fc200000, 0x0000000100000000)
  eden space 172032K, 100% used [0x00000000eb400000,0x00000000f5c00000,0x00000000f5c00000)
  from space 19456K, 6% used [0x00000000f5c00000,0x00000000f5d3c7d0,0x00000000f6f00000)
  to   space 20992K, 0% used [0x00000000fad80000,0x00000000fad80000,0x00000000fc200000)
 ParOldGen       total 89088K, used 41098K [0x00000000c1c00000, 0x00000000c7300000, 0x00000000eb400000)
  object space 89088K, 46% used [0x00000000c1c00000,0x00000000c4422a28,0x00000000c7300000)
 Metaspace       used 29396K, capacity 30212K, committed 30464K, reserved 1077248K
  class space    used 3340K, capacity 3520K, committed 3584K, reserved 1048576K
Event: 32.786 GC heap after
Heap after GC invocations=14 (full 2):
 PSYoungGen      total 230912K, used 10046K [0x00000000eb400000, 0x00000000fb780000, 0x0000000100000000)
  eden space 220672K, 0% used [0x00000000eb400000,0x00000000eb400000,0x00000000f8b80000)
  from space 10240K, 98% used [0x00000000fad80000,0x00000000fb74f850,0x00000000fb780000)
  to   space 19968K, 0% used [0x00000000f9080000,0x00000000f9080000,0x00000000fa400000)
 ParOldGen       total 89088K, used 41237K [0x00000000c1c00000, 0x00000000c7300000, 0x00000000eb400000)
  object space 89088K, 46% used [0x00000000c1c00000,0x00000000c44454a0,0x00000000c7300000)
 Metaspace       used 29396K, capacity 30212K, committed 30464K, reserved 1077248K
  class space    used 3340K, capacity 3520K, committed 3584K, reserved 1048576K
}

